<?xml version="1.0" encoding="UTF-8"?>
<!-- Generated by org.testng.reporters.JUnitReportReporter -->
<testsuite hostname="PeopleNTechs-iMac.local" failures="0" tests="2" name="home.LandingPage" time="81.354" errors="0" timestamp="14 Apr 2018 18:08:47 GMT">
  <testcase classname="home.LandingPage" name="test2" time="32.864"/>
  <testcase classname="home.LandingPage" name="test1" time="48.490"/>
</testsuite> <!-- home.LandingPage -->
